{
  "Cucumber Features": {
    "coverage": {
      "/home/ec2-user/environment/ProjectCloset/app/controllers/static_pages_controller.rb": [
        1,
        1,
        null,
        null,
        1,
        null,
        null
      ],
      "/home/ec2-user/environment/ProjectCloset/app/controllers/application_controller.rb": [
        1,
        1,
        1,
        1,
        null,
        null,
        null
      ],
      "/home/ec2-user/environment/ProjectCloset/app/helpers/application_helper.rb": [
        1,
        null
      ],
      "/home/ec2-user/environment/ProjectCloset/app/helpers/admins_helper.rb": [
        1,
        null,
        null
      ],
      "/home/ec2-user/environment/ProjectCloset/app/helpers/adminsession_helper.rb": [
        1,
        null,
        1,
        3,
        null,
        null,
        1,
        121,
        14,
        107,
        0,
        0,
        0,
        0,
        null,
        null,
        null,
        null,
        null,
        1,
        113,
        null,
        null,
        1,
        0,
        0,
        0,
        null,
        null,
        1,
        2,
        2,
        2,
        null,
        null,
        1,
        0,
        0,
        0,
        null,
        null,
        1,
        0,
        null,
        null
      ],
      "/home/ec2-user/environment/ProjectCloset/app/helpers/appointments_helper.rb": [
        1,
        1,
        0,
        null,
        null,
        1,
        6,
        6,
        6,
        6,
        null,
        null,
        1,
        6,
        2,
        null,
        null,
        null,
        1,
        2,
        2,
        2,
        2,
        null,
        null
      ],
      "/home/ec2-user/environment/ProjectCloset/app/helpers/renters_helper.rb": [
        1,
        null,
        1,
        0,
        null,
        null,
        1,
        13,
        13,
        13,
        13,
        13,
        13,
        null,
        null,
        1,
        13,
        12,
        null,
        null,
        null,
        1,
        12,
        12,
        12,
        12,
        12,
        12,
        null,
        null
      ],
      "/home/ec2-user/environment/ProjectCloset/app/helpers/session_helper.rb": [
        1,
        null,
        1,
        2,
        null,
        null,
        null,
        1,
        165,
        73,
        92,
        0,
        0,
        0,
        0,
        null,
        null,
        null,
        null,
        1,
        113,
        null,
        null,
        1,
        0,
        0,
        0,
        null,
        null,
        1,
        1,
        1,
        1,
        null,
        null,
        1,
        0,
        0,
        0,
        null,
        null,
        1,
        0,
        null,
        null
      ],
      "/home/ec2-user/environment/ProjectCloset/app/helpers/static_pages_helper.rb": [
        1,
        null
      ],
      "/home/ec2-user/environment/ProjectCloset/app/helpers/suits_helper.rb": [
        1,
        null,
        1,
        0,
        null,
        null,
        1,
        10,
        10,
        10,
        10,
        10,
        10,
        null,
        null,
        1,
        10,
        5,
        null,
        null,
        null,
        1,
        5,
        5,
        5,
        5,
        5,
        5,
        null,
        0,
        null,
        5,
        5,
        null,
        null,
        null
      ],
      "/home/ec2-user/environment/ProjectCloset/app/helpers/users_helper.rb": [
        1,
        1,
        0,
        null,
        null,
        1,
        146,
        null,
        null,
        1,
        0,
        0,
        0,
        0,
        0,
        null,
        null,
        1,
        0,
        0,
        null,
        null,
        null,
        1,
        0,
        null,
        0,
        0,
        null,
        0,
        null,
        null,
        0,
        null,
        0,
        null,
        null
      ],
      "/home/ec2-user/environment/ProjectCloset/app/controllers/adminsession_controller.rb": [
        1,
        1,
        null,
        null,
        1,
        3,
        null,
        3,
        2,
        2,
        2,
        null,
        1,
        1,
        null,
        null,
        null,
        1,
        0,
        0,
        null,
        null,
        null
      ],
      "/home/ec2-user/environment/ProjectCloset/app/controllers/admins_controller.rb": [
        1,
        1,
        2,
        null,
        null,
        1,
        0,
        null,
        null,
        1,
        2,
        2,
        1,
        1,
        1,
        null,
        1,
        null,
        null,
        null,
        1,
        0,
        null,
        1,
        0,
        0,
        0,
        0,
        null,
        0,
        null,
        null,
        null,
        1,
        0,
        null,
        null,
        1,
        1,
        2,
        null,
        null,
        null
      ],
      "/home/ec2-user/environment/ProjectCloset/app/models/admin.rb": [
        1,
        1,
        1,
        1,
        null,
        1,
        null,
        1,
        null,
        null,
        1,
        1,
        null,
        1,
        1,
        2,
        null,
        2,
        null,
        null,
        1,
        2,
        null,
        null,
        1,
        2,
        2,
        null,
        null,
        1,
        0,
        0,
        null,
        null,
        1,
        0,
        null,
        null,
        null
      ],
      "/home/ec2-user/environment/ProjectCloset/app/models/application_record.rb": [
        1,
        1,
        null
      ],
      "/home/ec2-user/environment/ProjectCloset/app/controllers/suits_controller.rb": [
        1,
        1,
        null,
        null,
        null,
        null,
        null,
        1,
        10,
        10,
        null,
        null,
        null,
        null,
        null,
        null,
        1,
        3,
        null,
        null,
        null,
        null,
        1,
        3,
        null,
        null,
        null,
        null,
        1,
        1,
        null,
        null,
        null,
        1,
        3,
        3,
        2,
        2,
        null,
        1,
        null,
        null,
        1,
        1,
        1,
        1,
        1,
        null,
        0,
        null,
        null,
        null,
        null,
        1,
        2,
        2,
        2,
        1,
        1,
        1,
        1,
        1,
        1,
        null,
        null,
        null,
        1,
        null,
        null,
        null,
        null,
        1,
        4,
        null,
        null,
        null,
        null,
        null,
        null,
        null,
        null,
        null,
        null,
        null,
        null
      ],
      "/home/ec2-user/environment/ProjectCloset/app/models/suit.rb": [
        1,
        1,
        1,
        null,
        1,
        1,
        null,
        null,
        1,
        1,
        1,
        1,
        1,
        null,
        null,
        null,
        null,
        null,
        null
      ],
      "/home/ec2-user/environment/ProjectCloset/app/controllers/session_controller.rb": [
        1,
        1,
        null,
        null,
        1,
        1,
        null,
        1,
        1,
        1,
        1,
        null,
        0,
        0,
        null,
        null,
        null,
        1,
        0,
        0,
        null,
        null,
        null
      ],
      "/home/ec2-user/environment/ProjectCloset/app/controllers/users_controller.rb": [
        1,
        1,
        null,
        1,
        2,
        null,
        null,
        1,
        0,
        0,
        null,
        null,
        1,
        1,
        null,
        null,
        1,
        2,
        2,
        1,
        1,
        1,
        null,
        1,
        null,
        null,
        null,
        1,
        1,
        1,
        1,
        1,
        1,
        null,
        0,
        null,
        null,
        null,
        1,
        0,
        null,
        null,
        1,
        1,
        3,
        null,
        null,
        null
      ],
      "/home/ec2-user/environment/ProjectCloset/app/models/user.rb": [
        1,
        1,
        1,
        1,
        null,
        null,
        1,
        1,
        1,
        1,
        1,
        null,
        null,
        1,
        1,
        1,
        1,
        1,
        1,
        null,
        1,
        null,
        1,
        1,
        null,
        1,
        null,
        null,
        1,
        1,
        null,
        null,
        1,
        1,
        1,
        null,
        null,
        1,
        0,
        0,
        null,
        null,
        1,
        7,
        null,
        null,
        1,
        0,
        null,
        null
      ],
      "/home/ec2-user/environment/ProjectCloset/app/controllers/appointments_controller.rb": [
        1,
        1,
        1,
        1,
        null,
        null,
        null,
        1,
        6,
        1,
        1,
        null,
        5,
        5,
        null,
        null,
        null,
        null,
        null,
        null,
        1,
        null,
        null,
        null,
        1,
        1,
        null,
        null,
        null,
        1,
        null,
        null,
        null,
        null,
        1,
        1,
        1,
        null,
        1,
        1,
        2,
        1,
        null,
        0,
        0,
        null,
        null,
        null,
        null,
        null,
        null,
        1,
        1,
        1,
        2,
        1,
        null,
        0,
        0,
        null,
        null,
        null,
        null,
        null,
        null,
        1,
        1,
        1,
        2,
        1,
        null,
        null,
        null,
        1,
        null,
        1,
        5,
        null,
        null,
        null,
        1,
        2,
        null,
        null,
        1,
        3,
        0,
        0,
        null,
        null,
        null,
        1,
        12,
        1,
        1,
        null,
        null,
        null
      ],
      "/home/ec2-user/environment/ProjectCloset/app/models/appointment.rb": [
        1,
        1,
        1,
        1,
        null
      ],
      "/home/ec2-user/environment/ProjectCloset/app/models/renter.rb": [
        1,
        1,
        1,
        1,
        null,
        null,
        1,
        1,
        null,
        null,
        null
      ],
      "/home/ec2-user/environment/ProjectCloset/app/controllers/renters_controller.rb": [
        1,
        1,
        null,
        1,
        1,
        null,
        1,
        13,
        13,
        null,
        null,
        1,
        4,
        4,
        null,
        null,
        1,
        null,
        null,
        null,
        7,
        null,
        null,
        1,
        1,
        null,
        null,
        1,
        4,
        4,
        4,
        1,
        1,
        1,
        null,
        3,
        1,
        1,
        1,
        null,
        null,
        null,
        2,
        2,
        1,
        1,
        1,
        1,
        1,
        1,
        1,
        null,
        0,
        null,
        null,
        1,
        1,
        null,
        null,
        null,
        1,
        1,
        1,
        1,
        1,
        null,
        0,
        null,
        null,
        null,
        1,
        1,
        1,
        1,
        1,
        1,
        1,
        1,
        null,
        0,
        0,
        null,
        null,
        null,
        1,
        10,
        null,
        null
      ],
      "/home/ec2-user/environment/ProjectCloset/app/mailers/application_mailer.rb": [
        0,
        0,
        0,
        0
      ],
      "/home/ec2-user/environment/ProjectCloset/app/jobs/application_job.rb": [
        0,
        0
      ],
      "/home/ec2-user/environment/ProjectCloset/app/channels/application_cable/connection.rb": [
        0,
        0,
        0,
        0
      ],
      "/home/ec2-user/environment/ProjectCloset/app/channels/application_cable/channel.rb": [
        0,
        0,
        0,
        0
      ]
    },
    "timestamp": 1523515377
  },
  "RSpec": {
    "coverage": {
      "/home/ec2-user/environment/ProjectCloset/app/helpers/admins_helper.rb": [
        1,
        null,
        null
      ],
      "/home/ec2-user/environment/ProjectCloset/app/helpers/adminsession_helper.rb": [
        1,
        null,
        1,
        0,
        null,
        null
      ],
      "/home/ec2-user/environment/ProjectCloset/app/helpers/application_helper.rb": [
        1,
        null
      ],
      "/home/ec2-user/environment/ProjectCloset/app/helpers/appointments_helper.rb": [
        1,
        null
      ],
      "/home/ec2-user/environment/ProjectCloset/app/helpers/session_helper.rb": [
        1,
        null,
        1,
        0,
        null,
        null,
        null,
        1,
        0,
        null,
        null,
        1,
        0,
        null,
        null,
        1,
        0,
        0,
        null,
        null,
        1,
        0,
        null,
        null
      ],
      "/home/ec2-user/environment/ProjectCloset/app/helpers/static_pages_helper.rb": [
        1,
        null
      ],
      "/home/ec2-user/environment/ProjectCloset/app/helpers/suits_helper.rb": [
        1,
        null
      ],
      "/home/ec2-user/environment/ProjectCloset/app/helpers/users_helper.rb": [
        1,
        null
      ],
      "/home/ec2-user/environment/ProjectCloset/app/controllers/admins_controller.rb": [
        1,
        1,
        1,
        null,
        null,
        1,
        0,
        null,
        null,
        1,
        0,
        0,
        0,
        0,
        0,
        null,
        0,
        null,
        null,
        null,
        1,
        0,
        null,
        1,
        0,
        0,
        0,
        0,
        null,
        0,
        null,
        null,
        null,
        1,
        0,
        null,
        null,
        1,
        1,
        0,
        null,
        null,
        null
      ],
      "/home/ec2-user/environment/ProjectCloset/app/controllers/application_controller.rb": [
        1,
        1,
        1,
        null
      ],
      "/home/ec2-user/environment/ProjectCloset/app/controllers/adminsession_controller.rb": [
        1,
        1,
        null,
        null,
        1,
        2,
        null,
        0,
        0,
        0,
        null,
        0,
        0,
        null,
        null,
        null,
        1,
        0,
        0,
        null,
        null,
        null
      ],
      "/home/ec2-user/environment/ProjectCloset/app/controllers/session_controller.rb": [
        1,
        1,
        null,
        null,
        1,
        0,
        null,
        0,
        0,
        0,
        null,
        0,
        0,
        null,
        null,
        null,
        1,
        0,
        0,
        null,
        null,
        null
      ],
      "/home/ec2-user/environment/ProjectCloset/app/controllers/suits_controller.rb": [
        1,
        1,
        1,
        1,
        null,
        1,
        2,
        null,
        null,
        1,
        null,
        null,
        1,
        0,
        0,
        null,
        0,
        0,
        null,
        0,
        null,
        null,
        null,
        1,
        0,
        0,
        0,
        null,
        0,
        null,
        null,
        null,
        1,
        0,
        null,
        null,
        1,
        0,
        0,
        0,
        null,
        null,
        1,
        1,
        0,
        null,
        null,
        1,
        0,
        null,
        null
      ],
      "/home/ec2-user/environment/ProjectCloset/app/controllers/users_controller.rb": [
        1,
        1,
        2,
        null,
        null,
        1,
        1,
        null,
        null,
        1,
        0,
        0,
        0,
        0,
        0,
        null,
        0,
        null,
        null,
        null,
        1,
        0,
        null,
        1,
        0,
        0,
        0,
        0,
        null,
        0,
        null,
        null,
        null,
        1,
        0,
        null,
        null,
        1,
        1,
        0,
        null,
        null,
        null
      ],
      "/home/ec2-user/environment/ProjectCloset/app/models/admin.rb": [
        1,
        1,
        1,
        null,
        1,
        null,
        1,
        null,
        null,
        1,
        1,
        null,
        1,
        1,
        0,
        null,
        0,
        null,
        null,
        null
      ],
      "/home/ec2-user/environment/ProjectCloset/app/models/application_record.rb": [
        1,
        1,
        null
      ],
      "/home/ec2-user/environment/ProjectCloset/app/models/user.rb": [
        1,
        1,
        1,
        null,
        1,
        1,
        1,
        null,
        null,
        1,
        1,
        1,
        1,
        null,
        1,
        1,
        0,
        null,
        0,
        null,
        null,
        null,
        null
      ],
      "/home/ec2-user/environment/ProjectCloset/app/models/suit.rb": [
        1,
        1,
        null
      ],
      "/home/ec2-user/environment/ProjectCloset/app/mailers/application_mailer.rb": [
        0,
        0,
        0,
        0
      ],
      "/home/ec2-user/environment/ProjectCloset/app/jobs/application_job.rb": [
        0,
        0
      ],
      "/home/ec2-user/environment/ProjectCloset/app/channels/application_cable/connection.rb": [
        0,
        0,
        0,
        0
      ],
      "/home/ec2-user/environment/ProjectCloset/app/channels/application_cable/channel.rb": [
        0,
        0,
        0,
        0
      ],
      "/home/ec2-user/environment/ProjectCloset/app/controllers/appointments_controller.rb": [
        0,
        0,
        0,
        0
      ],
      "/home/ec2-user/environment/ProjectCloset/app/controllers/static_pages_controller.rb": [
        0,
        0,
        0,
        null,
        0,
        0,
        0
      ]
    },
    "timestamp": 1522250923
  }
}
